<?xml version="1.0" encoding="utf-8"?><testsuites name="pytest tests"><testsuite name="pytest" errors="8" failures="0" skipped="0" tests="8" time="1.095" timestamp="2026-04-20T16:35:19.530473+05:30" hostname="CHZP8SM6129"><testcase classname="" name="tests.steps.test_agent" time="0.000"><error message="collection failure">.venv\Lib\site-packages\_pytest\python.py:507: in importtestmodule
    mod = import_path(
.venv\Lib\site-packages\_pytest\pathlib.py:587: in import_path
    importlib.import_module(module_name)
C:\Users\raja3\AppData\Local\Programs\Python\Python311\Lib\importlib\__init__.py:126: in import_module
    return _bootstrap._gcd_import(name[level:], package, level)
           ^^^^^^^^^^^^^^^^^^^^^^^^^^^^^^^^^^^^^^^^^^^^^^^^^^^^
&lt;frozen importlib._bootstrap&gt;:1204: in _gcd_import
    ???
&lt;frozen importlib._bootstrap&gt;:1176: in _find_and_load
    ???
&lt;frozen importlib._bootstrap&gt;:1147: in _find_and_load_unlocked
    ???
&lt;frozen importlib._bootstrap&gt;:690: in _load_unlocked
    ???
.venv\Lib\site-packages\_pytest\assertion\rewrite.py:188: in exec_module
    source_stat, co = _rewrite_test(fn, self.config)
                      ^^^^^^^^^^^^^^^^^^^^^^^^^^^^^^
.venv\Lib\site-packages\_pytest\assertion\rewrite.py:357: in _rewrite_test
    tree = ast.parse(source, filename=strfn)
           ^^^^^^^^^^^^^^^^^^^^^^^^^^^^^^^^^
C:\Users\raja3\AppData\Local\Programs\Python\Python311\Lib\ast.py:50: in parse
    return compile(source, filename, mode, flags,
E     File "C:\Optimizing_autocoder-2.0\suryansh_repo\autocoder\tests\steps\test_agent.py", line 28
E       agent_page.fill_search_agents(Data Quality Agent)
E                                     ^^^^^^^^^^^^
E   SyntaxError: invalid syntax. Perhaps you forgot a comma?</error></testcase><testcase classname="" name="tests.steps.test_catalog" time="0.000"><error message="collection failure">ImportError while importing test module 'C:\Optimizing_autocoder-2.0\suryansh_repo\autocoder\tests\steps\test_catalog.py'.
Hint: make sure your test modules/packages have valid Python names.
Traceback:
C:\Users\raja3\AppData\Local\Programs\Python\Python311\Lib\importlib\__init__.py:126: in import_module
    return _bootstrap._gcd_import(name[level:], package, level)
           ^^^^^^^^^^^^^^^^^^^^^^^^^^^^^^^^^^^^^^^^^^^^^^^^^^^^
tests\steps\test_catalog.py:9: in &lt;module&gt;
    from pytest_bdd import given, parsers, scenarios, then, when
E   ModuleNotFoundError: No module named 'pytest_bdd'</error></testcase><testcase classname="" name="tests.steps.test_dq_insights" time="0.000"><error message="collection failure">ImportError while importing test module 'C:\Optimizing_autocoder-2.0\suryansh_repo\autocoder\tests\steps\test_dq_insights.py'.
Hint: make sure your test modules/packages have valid Python names.
Traceback:
C:\Users\raja3\AppData\Local\Programs\Python\Python311\Lib\importlib\__init__.py:126: in import_module
    return _bootstrap._gcd_import(name[level:], package, level)
           ^^^^^^^^^^^^^^^^^^^^^^^^^^^^^^^^^^^^^^^^^^^^^^^^^^^^
tests\steps\test_dq_insights.py:9: in &lt;module&gt;
    from pytest_bdd import given, parsers, scenarios, then, when
E   ModuleNotFoundError: No module named 'pytest_bdd'</error></testcase><testcase classname="" name="tests.steps.test_home" time="0.000"><error message="collection failure">ImportError while importing test module 'C:\Optimizing_autocoder-2.0\suryansh_repo\autocoder\tests\steps\test_home.py'.
Hint: make sure your test modules/packages have valid Python names.
Traceback:
C:\Users\raja3\AppData\Local\Programs\Python\Python311\Lib\importlib\__init__.py:126: in import_module
    return _bootstrap._gcd_import(name[level:], package, level)
           ^^^^^^^^^^^^^^^^^^^^^^^^^^^^^^^^^^^^^^^^^^^^^^^^^^^^
tests\steps\test_home.py:9: in &lt;module&gt;
    from pytest_bdd import given, parsers, scenarios, then, when
E   ModuleNotFoundError: No module named 'pytest_bdd'</error></testcase><testcase classname="" name="tests.steps.test_security" time="0.000"><error message="collection failure">ImportError while importing test module 'C:\Optimizing_autocoder-2.0\suryansh_repo\autocoder\tests\steps\test_security.py'.
Hint: make sure your test modules/packages have valid Python names.
Traceback:
C:\Users\raja3\AppData\Local\Programs\Python\Python311\Lib\importlib\__init__.py:126: in import_module
    return _bootstrap._gcd_import(name[level:], package, level)
           ^^^^^^^^^^^^^^^^^^^^^^^^^^^^^^^^^^^^^^^^^^^^^^^^^^^^
tests\steps\test_security.py:9: in &lt;module&gt;
    from pytest_bdd import given, parsers, scenarios, then, when
E   ModuleNotFoundError: No module named 'pytest_bdd'</error></testcase><testcase classname="" name="tests.steps.test_source_connection" time="0.000"><error message="collection failure">ImportError while importing test module 'C:\Optimizing_autocoder-2.0\suryansh_repo\autocoder\tests\steps\test_source_connection.py'.
Hint: make sure your test modules/packages have valid Python names.
Traceback:
C:\Users\raja3\AppData\Local\Programs\Python\Python311\Lib\importlib\__init__.py:126: in import_module
    return _bootstrap._gcd_import(name[level:], package, level)
           ^^^^^^^^^^^^^^^^^^^^^^^^^^^^^^^^^^^^^^^^^^^^^^^^^^^^
tests\steps\test_source_connection.py:9: in &lt;module&gt;
    from pytest_bdd import given, parsers, scenarios, then, when
E   ModuleNotFoundError: No module named 'pytest_bdd'</error></testcase><testcase classname="" name="tests.steps.test_sources" time="0.000"><error message="collection failure">ImportError while importing test module 'C:\Optimizing_autocoder-2.0\suryansh_repo\autocoder\tests\steps\test_sources.py'.
Hint: make sure your test modules/packages have valid Python names.
Traceback:
C:\Users\raja3\AppData\Local\Programs\Python\Python311\Lib\importlib\__init__.py:126: in import_module
    return _bootstrap._gcd_import(name[level:], package, level)
           ^^^^^^^^^^^^^^^^^^^^^^^^^^^^^^^^^^^^^^^^^^^^^^^^^^^^
tests\steps\test_sources.py:9: in &lt;module&gt;
    from pytest_bdd import given, parsers, scenarios, then, when
E   ModuleNotFoundError: No module named 'pytest_bdd'</error></testcase><testcase classname="" name="tests.steps.test_stewie" time="0.000"><error message="collection failure">ImportError while importing test module 'C:\Optimizing_autocoder-2.0\suryansh_repo\autocoder\tests\steps\test_stewie.py'.
Hint: make sure your test modules/packages have valid Python names.
Traceback:
C:\Users\raja3\AppData\Local\Programs\Python\Python311\Lib\importlib\__init__.py:126: in import_module
    return _bootstrap._gcd_import(name[level:], package, level)
           ^^^^^^^^^^^^^^^^^^^^^^^^^^^^^^^^^^^^^^^^^^^^^^^^^^^^
tests\steps\test_stewie.py:9: in &lt;module&gt;
    from pytest_bdd import given, parsers, scenarios, then, when
E   ModuleNotFoundError: No module named 'pytest_bdd'</error></testcase></testsuite></testsuites>